<?xml version="1.0" encoding="UTF-8"?>
<!-- Generated by org.testng.reporters.JUnitReportReporter -->
<testsuite hostname="DESKTOP-9SCBVFG" failures="0" tests="1" name="github.CreateRepo" time="1.932" errors="0" timestamp="26 Aug 2023 17:50:04 GMT" skipped="0">
  <testcase classname="github.CreateRepo" name="test1" time="1.932"/>
</testsuite> <!-- github.CreateRepo -->
