<?xml version="1.0" encoding="UTF-8"?>
<!-- Generated by org.testng.reporters.JUnitReportReporter -->
<testsuite hostname="DESKTOP-9SCBVFG" failures="0" tests="1" name="restAPI.DeleteReq" time="0.837" errors="0" timestamp="25 Aug 2023 15:44:10 GMT" skipped="0">
  <testcase classname="restAPI.DeleteReq" name="test1" time="0.837"/>
</testsuite> <!-- restAPI.DeleteReq -->
