<?xml version="1.0" encoding="UTF-8"?>
<!-- Generated by org.testng.reporters.JUnitReportReporter -->
<testsuite hostname="DESKTOP-9SCBVFG" failures="0" tests="1" name="restAPIBDD.GetReqBDD" time="1.529" errors="0" timestamp="26 Aug 2023 18:40:05 GMT" skipped="0">
  <testcase classname="restAPIBDD.GetReqBDD" name="test3" time="1.529"/>
</testsuite> <!-- restAPIBDD.GetReqBDD -->
