<?xml version="1.0" encoding="UTF-8"?>
<!-- Generated by org.testng.reporters.JUnitReportReporter -->
<testsuite hostname="DESKTOP-9SCBVFG" failures="0" tests="1" name="restAPI.PostReqWithMap" time="1.156" errors="0" timestamp="25 Aug 2023 14:55:20 GMT" skipped="0">
  <testcase classname="restAPI.PostReqWithMap" name="test1" time="1.156"/>
</testsuite> <!-- restAPI.PostReqWithMap -->
