<?xml version="1.0" encoding="UTF-8"?>
<!-- Generated by org.testng.reporters.JUnitReportReporter -->
<testsuite hostname="DESKTOP-9SCBVFG" failures="0" tests="1" name="restAPI.GetReqWithParameter" time="1.424" errors="0" timestamp="25 Aug 2023 13:53:34 GMT" skipped="0">
  <testcase classname="restAPI.GetReqWithParameter" name="test1" time="1.424"/>
</testsuite> <!-- restAPI.GetReqWithParameter -->
