<?xml version="1.0" encoding="UTF-8"?>
<!-- Generated by org.testng.reporters.JUnitReportReporter -->
<testsuite hostname="DESKTOP-9SCBVFG" failures="0" tests="1" name="restAPI.GetRequest" time="1.200" errors="0" timestamp="25 Aug 2023 15:44:25 GMT" skipped="0">
  <testcase classname="restAPI.GetRequest" name="test1" time="1.200"/>
</testsuite> <!-- restAPI.GetRequest -->
