<?xml version="1.0" encoding="UTF-8"?>
<!-- Generated by org.testng.reporters.JUnitReportReporter -->
<testsuite hostname="DESKTOP-9SCBVFG" failures="0" tests="1" name="restAPIBDD.PostReqBDD" time="1.181" errors="0" timestamp="26 Aug 2023 18:23:28 GMT" skipped="0">
  <testcase classname="restAPIBDD.PostReqBDD" name="test1" time="1.181"/>
</testsuite> <!-- restAPIBDD.PostReqBDD -->
