<?xml version="1.0" encoding="UTF-8"?>
<!-- Generated by org.testng.reporters.JUnitReportReporter -->
<testsuite hostname="DESKTOP-9SCBVFG" failures="0" tests="1" name="springbootApp.GetAllEmp$GetAllEmployee" time="0.933" errors="0" timestamp="25 Aug 2023 16:15:18 GMT" skipped="0">
  <testcase classname="springbootApp.GetAllEmp$GetAllEmployee" name="test1" time="0.933"/>
</testsuite> <!-- springbootApp.GetAllEmp$GetAllEmployee -->
