<?xml version="1.0" encoding="UTF-8"?>
<!-- Generated by org.testng.reporters.JUnitReportReporter -->
<testsuite hostname="DESKTOP-9SCBVFG" failures="0" tests="1" name="restAPIXML.XMLTest" time="1.813" errors="0" timestamp="26 Aug 2023 19:01:22 GMT" skipped="0">
  <testcase classname="restAPIXML.XMLTest" name="test2" time="1.813"/>
</testsuite> <!-- restAPIXML.XMLTest -->
