<?xml version="1.0" encoding="UTF-8"?>
<!-- Generated by org.testng.reporters.JUnitReportReporter -->
<testsuite hostname="DESKTOP-9SCBVFG" failures="0" tests="1" name="restAPI.PostReqWithJsonObj" time="1.173" errors="0" timestamp="25 Aug 2023 15:04:40 GMT" skipped="0">
  <testcase classname="restAPI.PostReqWithJsonObj" name="test1" time="1.173"/>
</testsuite> <!-- restAPI.PostReqWithJsonObj -->
