<?xml version="1.0" encoding="UTF-8"?>
<!-- Generated by org.testng.reporters.JUnitReportReporter -->
<testsuite hostname="DESKTOP-9SCBVFG" failures="0" tests="1" name="restAPI.PostRequest" time="0.992" errors="0" timestamp="25 Aug 2023 14:55:04 GMT" skipped="0">
  <testcase classname="restAPI.PostRequest" name="test1" time="0.992"/>
</testsuite> <!-- restAPI.PostRequest -->
